DemoApp/app/build/outputs/logs/manifest-merger-debug-report.txt
-- Merging decision tree log ---
manifest
ADDED from src\main\AndroidManifest.xml:2:1-91:12
	package
		ADDED from src\main\AndroidManifest.xml:3:5-40
		INJECTED from src\main\AndroidManifest.xml
		INJECTED from src\main\AndroidManifest.xml
	android:versionName
		INJECTED from src\main\AndroidManifest.xml
		INJECTED from src\main\AndroidManifest.xml
	xmlns:android
		ADDED from src\main\AndroidManifest.xml:2:11-69
	android:versionCode
		INJECTED from src\main\AndroidManifest.xml
		INJECTED from src\main\AndroidManifest.xml
uses-permission#android.permission.GET_ACCOUNTS
ADDED from src\main\AndroidManifest.xml:6:5-71
	android:name
		ADDED from src\main\AndroidManifest.xml:6:22-68
uses-permission#android.permission.READ_PROFILE
ADDED from src\main\AndroidManifest.xml:7:5-71
	android:name
		ADDED from src\main\AndroidManifest.xml:7:22-68
uses-permission#android.permission.READ_CONTACTS
ADDED from src\main\AndroidManifest.xml:8:5-72
	android:name
		ADDED from src\main\AndroidManifest.xml:8:22-69
uses-permission#android.permission.ACCESS_FINE_LOCATION
ADDED from src\main\AndroidManifest.xml:15:5-79
	android:name
		ADDED from src\main\AndroidManifest.xml:15:22-76
application
ADDED from src\main\AndroidManifest.xml:17:5-89:19
MERGED from [de.hdodenhof:circleimageview:2.1.0] AndroidManifest.xml:9:5-20
MERGED from [com.android.support:design:25.1.0] AndroidManifest.xml:25:5-20
MERGED from [com.android.support:appcompat-v7:25.1.0] AndroidManifest.xml:25:5-20
MERGED from [com.android.support:animated-vector-drawable:25.1.0] AndroidManifest.xml:22:5-20
MERGED from [com.android.support:support-vector-drawable:25.1.0] AndroidManifest.xml:23:5-20
MERGED from [com.android.support:transition:25.1.0] AndroidManifest.xml:22:5-20
MERGED from [com.android.support:support-v4:25.1.0] AndroidManifest.xml:25:5-20
MERGED from [com.android.support:support-fragment:25.1.0] AndroidManifest.xml:25:5-20
MERGED from [com.android.support:support-media-compat:25.1.0] AndroidManifest.xml:25:5-20
MERGED from [com.android.support:support-core-utils:25.1.0] AndroidManifest.xml:25:5-20
MERGED from [com.android.support:cardview-v7:25.1.0] AndroidManifest.xml:22:5-20
MERGED from [com.android.support:support-core-ui:25.1.0] AndroidManifest.xml:25:5-20
MERGED from [com.android.support:support-compat:25.1.0] AndroidManifest.xml:25:5-20
	android:label
		ADDED from src\main\AndroidManifest.xml:20:9-41
	android:supportsRtl
		ADDED from src\main\AndroidManifest.xml:21:9-35
	android:allowBackup
		ADDED from src\main\AndroidManifest.xml:18:9-35
	android:icon
		ADDED from src\main\AndroidManifest.xml:19:9-43
	android:theme
		ADDED from src\main\AndroidManifest.xml:22:9-65
activity#com.example.niraj.demoapp.MainActivity
ADDED from src\main\AndroidManifest.xml:23:9-31:20
	android:label
		ADDED from src\main\AndroidManifest.xml:25:13-33
	android:name
		ADDED from src\main\AndroidManifest.xml:24:13-41
intent-filter#android.intent.action.MAIN+android.intent.category.LAUNCHER
ADDED from src\main\AndroidManifest.xml:26:13-30:29
action#android.intent.action.MAIN
ADDED from src\main\AndroidManifest.xml:27:17-69
	android:name
		ADDED from src\main\AndroidManifest.xml:27:25-66
category#android.intent.category.LAUNCHER
ADDED from src\main\AndroidManifest.xml:29:17-77
	android:name
		ADDED from src\main\AndroidManifest.xml:29:27-74
activity#com.example.niraj.demoapp.LifeCycle.LifeCycleFirstActivity
ADDED from src\main\AndroidManifest.xml:32:9-34:46
	android:label
		ADDED from src\main\AndroidManifest.xml:34:13-43
	android:name
		ADDED from src\main\AndroidManifest.xml:33:13-61
activity#com.example.niraj.demoapp.LifeCycle.LifeCycleSecondActivity
ADDED from src\main\AndroidManifest.xml:35:9-37:47
	android:label
		ADDED from src\main\AndroidManifest.xml:37:13-44
	android:name
		ADDED from src\main\AndroidManifest.xml:36:13-62
activity#com.example.niraj.demoapp.PassingData.Demo1LoginActivity
ADDED from src\main\AndroidManifest.xml:38:9-40:37
	android:label
		ADDED from src\main\AndroidManifest.xml:40:13-34
	android:name
		ADDED from src\main\AndroidManifest.xml:39:13-59
activity#com.example.niraj.demoapp.LayoutDemos.RelativeLayoutLoginActivity
ADDED from src\main\AndroidManifest.xml:41:9-43:37
	android:label
		ADDED from src\main\AndroidManifest.xml:43:13-34
	android:name
		ADDED from src\main\AndroidManifest.xml:42:13-68
activity#com.example.niraj.demoapp.LayoutDemos.Layouts2Activity
ADDED from src\main\AndroidManifest.xml:44:9-46:39
	android:label
		ADDED from src\main\AndroidManifest.xml:46:13-36
	android:name
		ADDED from src\main\AndroidManifest.xml:45:13-57
activity#com.example.niraj.demoapp.LayoutDemos.LinearLayoutAmenitiesActivity
ADDED from src\main\AndroidManifest.xml:47:9-49:41
	android:label
		ADDED from src\main\AndroidManifest.xml:49:13-38
	android:name
		ADDED from src\main\AndroidManifest.xml:48:13-70
activity#com.example.niraj.demoapp.PassingData.Demo1UserDetailsActivity
ADDED from src\main\AndroidManifest.xml:50:9-52:39
	android:label
		ADDED from src\main\AndroidManifest.xml:52:13-36
	android:name
		ADDED from src\main\AndroidManifest.xml:51:13-65
activity#com.example.niraj.demoapp.PassingData.Demo1EditDetailsActivity
ADDED from src\main\AndroidManifest.xml:53:9-55:36
	android:label
		ADDED from src\main\AndroidManifest.xml:55:13-33
	android:name
		ADDED from src\main\AndroidManifest.xml:54:13-65
activity#com.example.niraj.demoapp.PassingData.PassingDataActivity
ADDED from src\main\AndroidManifest.xml:56:9-58:44
	android:label
		ADDED from src\main\AndroidManifest.xml:58:13-41
	android:name
		ADDED from src\main\AndroidManifest.xml:57:13-60
activity#com.example.niraj.demoapp.PassingData.Demo2LoginActivity
ADDED from src\main\AndroidManifest.xml:59:9-61:37
	android:label
		ADDED from src\main\AndroidManifest.xml:61:13-34
	android:name
		ADDED from src\main\AndroidManifest.xml:60:13-59
activity#com.example.niraj.demoapp.PassingData.Demo2SignupActivity
ADDED from src\main\AndroidManifest.xml:62:9-64:38
	android:label
		ADDED from src\main\AndroidManifest.xml:64:13-35
	android:name
		ADDED from src\main\AndroidManifest.xml:63:13-60
activity#com.example.niraj.demoapp.PassingData.Demo2WelcomeActivity
ADDED from src\main\AndroidManifest.xml:65:9-67:39
	android:label
		ADDED from src\main\AndroidManifest.xml:67:13-36
	android:name
		ADDED from src\main\AndroidManifest.xml:66:13-61
activity#com.example.niraj.demoapp.PassingData.Demo2NextActivity
ADDED from src\main\AndroidManifest.xml:68:9-70:36
	android:label
		ADDED from src\main\AndroidManifest.xml:70:13-33
	android:name
		ADDED from src\main\AndroidManifest.xml:69:13-58
activity#com.example.niraj.demoapp.LayoutDemos.RelativeLayoutTaxibookingActivity
ADDED from src\main\AndroidManifest.xml:71:9-73:43
	android:label
		ADDED from src\main\AndroidManifest.xml:73:13-40
	android:name
		ADDED from src\main\AndroidManifest.xml:72:13-74
activity#com.example.niraj.demoapp.LayoutDemos.FrameLayoutTaxidetailsActivity
ADDED from src\main\AndroidManifest.xml:74:9-76:44
	android:label
		ADDED from src\main\AndroidManifest.xml:76:13-41
	android:name
		ADDED from src\main\AndroidManifest.xml:75:13-71
activity#com.example.niraj.demoapp.LayoutDemos.GridLayoutOrvitoActivity
ADDED from src\main\AndroidManifest.xml:77:9-79:38
	android:label
		ADDED from src\main\AndroidManifest.xml:79:13-35
	android:name
		ADDED from src\main\AndroidManifest.xml:78:13-65
activity#com.example.niraj.demoapp.LayoutDemos.TableLayoutBuyticketActivity
ADDED from src\main\AndroidManifest.xml:80:9-82:43
	android:label
		ADDED from src\main\AndroidManifest.xml:82:13-40
	android:name
		ADDED from src\main\AndroidManifest.xml:81:13-69
activity#com.example.niraj.demoapp.LayoutDemos.GridLayoutTilesActivity
ADDED from src\main\AndroidManifest.xml:83:9-85:37
	android:label
		ADDED from src\main\AndroidManifest.xml:85:13-34
	android:name
		ADDED from src\main\AndroidManifest.xml:84:13-64
activity#com.example.niraj.demoapp.Fonts.FontsDemoActivity
ADDED from src\main\AndroidManifest.xml:86:9-88:46
	android:label
		ADDED from src\main\AndroidManifest.xml:88:13-34
	android:name
		ADDED from src\main\AndroidManifest.xml:87:13-52
uses-sdk
INJECTED from src\main\AndroidManifest.xml reason: use-sdk injection requested
MERGED from [de.hdodenhof:circleimageview:2.1.0] AndroidManifest.xml:5:5-7:41
MERGED from [com.android.support:design:25.1.0] AndroidManifest.xml:21:5-23:62
MERGED from [com.android.support:appcompat-v7:25.1.0] AndroidManifest.xml:21:5-23:78
MERGED from [com.android.support:animated-vector-drawable:25.1.0] AndroidManifest.xml:20:5-44
MERGED from [com.android.support:support-vector-drawable:25.1.0] AndroidManifest.xml:21:5-43
MERGED from [com.android.support:transition:25.1.0] AndroidManifest.xml:20:5-44
MERGED from [com.android.support:support-v4:25.1.0] AndroidManifest.xml:21:5-23:54
MERGED from [com.android.support:support-fragment:25.1.0] AndroidManifest.xml:21:5-23:60
MERGED from [com.android.support:support-media-compat:25.1.0] AndroidManifest.xml:21:5-23:63
MERGED from [com.android.support:support-core-utils:25.1.0] AndroidManifest.xml:21:5-23:61
MERGED from [com.android.support:cardview-v7:25.1.0] AndroidManifest.xml:20:5-43
MERGED from [com.android.support:recyclerview-v7:25.1.0] AndroidManifest.xml:20:5-43
MERGED from [com.android.support:support-core-ui:25.1.0] AndroidManifest.xml:21:5-23:58
MERGED from [com.android.support:support-compat:25.1.0] AndroidManifest.xml:21:5-23:58
	tools:overrideLibrary
		ADDED from [com.android.support:design:25.1.0] AndroidManifest.xml:23:9-59
	android:targetSdkVersion
		INJECTED from src\main\AndroidManifest.xml
		INJECTED from src\main\AndroidManifest.xml
	android:minSdkVersion
		INJECTED from src\main\AndroidManifest.xml
		INJECTED from src\main\AndroidManifest.xml